{"contracts/ERC1820Client.sol":{"l":{"16":0,"17":0,"21":0,"22":0,"26":0},"path":"/home/steve/codes/dapps/lithium/LithiumMVP/packages/hardhat/contracts/ERC1820Client.sol","s":{"1":0,"2":0,"3":0,"4":0,"5":0},"b":{},"f":{"1":0,"2":0,"3":0},"fnMap":{"1":{"name":"setInterfaceImplementation","line":15,"loc":{"start":{"line":15,"column":4},"end":{"line":18,"column":4}}},"2":{"name":"interfaceAddr","line":20,"loc":{"start":{"line":20,"column":4},"end":{"line":23,"column":4}}},"3":{"name":"delegateManagement","line":25,"loc":{"start":{"line":25,"column":4},"end":{"line":27,"column":4}}}},"statementMap":{"1":{"start":{"line":16,"column":8},"end":{"line":16,"column":76}},"2":{"start":{"line":17,"column":8},"end":{"line":17,"column":93}},"3":{"start":{"line":21,"column":8},"end":{"line":21,"column":76}},"4":{"start":{"line":22,"column":8},"end":{"line":22,"column":75}},"5":{"start":{"line":26,"column":8},"end":{"line":26,"column":61}}},"branchMap":{}},"contracts/interfaces/ILithiumPricing.sol":{"l":{},"path":"/home/steve/codes/dapps/lithium/LithiumMVP/packages/hardhat/contracts/interfaces/ILithiumPricing.sol","s":{},"b":{},"f":{},"fnMap":{},"statementMap":{},"branchMap":{}},"contracts/interfaces/ILithiumReward.sol":{"l":{},"path":"/home/steve/codes/dapps/lithium/LithiumMVP/packages/hardhat/contracts/interfaces/ILithiumReward.sol","s":{},"b":{},"f":{},"fnMap":{},"statementMap":{},"branchMap":{}},"contracts/LithiumPricing.sol":{"l":{"64":168,"84":26,"85":24,"86":23,"87":23,"106":0,"107":0,"108":0,"109":0,"110":0,"111":0,"112":0,"113":0,"114":0,"115":0,"116":0,"117":0,"131":3,"132":3,"133":3,"134":3,"135":3,"136":3,"145":3,"155":0,"166":2,"168":2,"174":1,"183":170,"184":170,"185":170,"221":29,"222":29,"223":28,"224":27,"225":26,"227":22,"228":21,"229":21,"230":21,"231":21,"232":21,"233":21,"234":21,"235":21,"236":21,"237":21,"238":21,"239":21,"240":21,"241":21,"242":21,"277":13,"278":12,"279":12,"280":11,"281":10,"282":9,"284":8,"286":7,"287":7,"288":7,"289":7,"290":7,"291":7,"292":7,"293":7,"294":7,"310":6,"311":5,"312":5,"313":4,"314":4,"316":3,"318":2,"319":2,"320":2,"322":2,"336":4,"337":3,"338":2,"349":38,"350":37,"351":36,"352":36,"360":38,"361":37,"362":36,"363":36,"378":5,"379":4,"381":3,"383":3,"384":3,"386":2,"387":2,"401":6,"402":5,"403":4,"404":1,"405":6,"406":6,"408":1,"420":3,"421":2,"422":2,"448":27,"474":8,"484":1,"485":1,"487":1,"488":2,"497":2,"500":1,"501":1,"502":1,"503":1,"505":1,"513":14,"514":13,"515":13,"517":7,"531":6,"532":6},"path":"/home/steve/codes/dapps/lithium/LithiumMVP/packages/hardhat/contracts/LithiumPricing.sol","s":{"1":168,"2":26,"3":24,"4":23,"5":23,"6":0,"7":0,"8":0,"9":0,"10":0,"11":0,"12":0,"13":0,"14":0,"15":0,"16":0,"17":0,"18":3,"19":3,"20":3,"21":3,"22":3,"23":3,"24":3,"25":0,"26":2,"27":2,"28":1,"29":170,"30":170,"31":170,"32":29,"33":29,"34":28,"35":27,"36":26,"37":22,"38":21,"39":21,"40":21,"41":21,"42":21,"43":21,"44":21,"45":21,"46":21,"47":21,"48":21,"49":21,"50":21,"51":21,"52":21,"53":13,"54":12,"55":12,"56":11,"57":10,"58":9,"59":8,"60":7,"61":7,"62":7,"63":7,"64":7,"65":7,"66":7,"67":7,"68":7,"69":6,"70":5,"71":5,"72":4,"73":4,"74":3,"75":2,"76":2,"77":2,"78":2,"79":4,"80":3,"81":2,"82":38,"83":37,"84":36,"85":36,"86":38,"87":37,"88":36,"89":36,"90":5,"91":4,"92":3,"93":3,"94":3,"95":2,"96":2,"97":6,"98":5,"99":4,"100":1,"101":6,"102":6,"103":1,"104":3,"105":2,"106":2,"107":27,"108":8,"109":1,"110":1,"111":1,"112":2,"113":2,"114":1,"115":1,"116":1,"117":1,"118":1,"119":14,"120":13,"121":13,"122":7,"123":6,"124":6},"b":{"1":[24,2],"2":[23,1],"3":[22,1],"4":[29,0],"5":[28,1],"6":[27,1],"7":[26,1],"8":[12,1],"9":[11,1],"10":[10,1],"11":[9,1],"12":[8,1],"13":[5,1],"14":[4,1],"15":[3,1],"16":[2,0],"17":[3,1],"18":[2,1],"19":[37,1],"20":[36,1],"21":[37,1],"22":[36,1],"23":[4,1],"24":[3,1],"25":[3,0],"26":[2,1],"27":[5,1],"28":[4,1],"29":[1,3],"30":[6,0],"31":[2,1],"32":[1,7],"33":[13,1]},"f":{"1":168,"2":26,"3":0,"4":3,"5":3,"6":0,"7":2,"8":1,"9":170,"10":29,"11":13,"12":6,"13":4,"14":38,"15":38,"16":5,"17":6,"18":3,"19":27,"20":8,"21":14,"22":6},"fnMap":{"1":{"name":"constructor","line":63,"loc":{"start":{"line":63,"column":2},"end":{"line":65,"column":2}}},"2":{"name":"isValidAnswerSet","line":83,"loc":{"start":{"line":83,"column":2},"end":{"line":89,"column":2}}},"3":{"name":"getQuestion","line":91,"loc":{"start":{"line":91,"column":2},"end":{"line":118,"column":2}}},"4":{"name":"getAnswer","line":121,"loc":{"start":{"line":121,"column":2},"end":{"line":137,"column":2}}},"5":{"name":"getAnswerSetTotals","line":140,"loc":{"start":{"line":140,"column":2},"end":{"line":146,"column":2}}},"6":{"name":"getAnswerSet","line":150,"loc":{"start":{"line":150,"column":2},"end":{"line":156,"column":2}}},"7":{"name":"getRewardTotal","line":161,"loc":{"start":{"line":161,"column":2},"end":{"line":169,"column":2}}},"8":{"name":"getRepuation","line":173,"loc":{"start":{"line":173,"column":2},"end":{"line":175,"column":2}}},"9":{"name":"_addCategory","line":182,"loc":{"start":{"line":182,"column":2},"end":{"line":186,"column":2}}},"10":{"name":"_createQuestion","line":212,"loc":{"start":{"line":212,"column":2},"end":{"line":253,"column":2}}},"11":{"name":"answerQuestion","line":272,"loc":{"start":{"line":272,"column":2},"end":{"line":295,"column":2}}},"12":{"name":"claimReward","line":307,"loc":{"start":{"line":307,"column":2},"end":{"line":324,"column":2}}},"13":{"name":"addCategory","line":335,"loc":{"start":{"line":335,"column":2},"end":{"line":339,"column":2}}},"14":{"name":"setLithiumTokenAddress","line":348,"loc":{"start":{"line":348,"column":2},"end":{"line":353,"column":2}}},"15":{"name":"setLithiumRewardAddress","line":359,"loc":{"start":{"line":359,"column":2},"end":{"line":364,"column":2}}},"16":{"name":"updateRewardCalculatedStatus","line":377,"loc":{"start":{"line":377,"column":2},"end":{"line":388,"column":2}}},"17":{"name":"updateReputation","line":400,"loc":{"start":{"line":400,"column":2},"end":{"line":409,"column":2}}},"18":{"name":"updateMinimumStake","line":419,"loc":{"start":{"line":419,"column":2},"end":{"line":423,"column":2}}},"19":{"name":"createQuestion","line":439,"loc":{"start":{"line":439,"column":2},"end":{"line":457,"column":2}}},"20":{"name":"createQuestionGroup","line":465,"loc":{"start":{"line":465,"column":2},"end":{"line":506,"column":2}}},"21":{"name":"answerQuestions","line":508,"loc":{"start":{"line":508,"column":2},"end":{"line":518,"column":2}}},"22":{"name":"claimRewards","line":528,"loc":{"start":{"line":528,"column":2},"end":{"line":534,"column":2}}}},"statementMap":{"1":{"start":{"line":64,"column":4},"end":{"line":64,"column":25}},"2":{"start":{"line":84,"column":4},"end":{"line":84,"column":121}},"3":{"start":{"line":85,"column":4},"end":{"line":85,"column":61}},"4":{"start":{"line":86,"column":4},"end":{"line":86,"column":3000}},"5":{"start":{"line":87,"column":6},"end":{"line":87,"column":81}},"6":{"start":{"line":106,"column":4},"end":{"line":106,"column":46}},"7":{"start":{"line":107,"column":4},"end":{"line":107,"column":25}},"8":{"start":{"line":108,"column":4},"end":{"line":108,"column":19}},"9":{"start":{"line":109,"column":4},"end":{"line":109,"column":35}},"10":{"start":{"line":110,"column":4},"end":{"line":110,"column":37}},"11":{"start":{"line":111,"column":4},"end":{"line":111,"column":33}},"12":{"start":{"line":112,"column":4},"end":{"line":112,"column":55}},"13":{"start":{"line":113,"column":4},"end":{"line":113,"column":27}},"14":{"start":{"line":114,"column":4},"end":{"line":114,"column":37}},"15":{"start":{"line":115,"column":4},"end":{"line":115,"column":29}},"16":{"start":{"line":116,"column":4},"end":{"line":116,"column":37}},"17":{"start":{"line":117,"column":4},"end":{"line":117,"column":39}},"18":{"start":{"line":131,"column":4},"end":{"line":131,"column":59}},"19":{"start":{"line":132,"column":4},"end":{"line":132,"column":29}},"20":{"start":{"line":133,"column":4},"end":{"line":133,"column":33}},"21":{"start":{"line":134,"column":4},"end":{"line":134,"column":35}},"22":{"start":{"line":135,"column":4},"end":{"line":135,"column":35}},"23":{"start":{"line":136,"column":4},"end":{"line":136,"column":25}},"24":{"start":{"line":145,"column":4},"end":{"line":145,"column":54}},"25":{"start":{"line":155,"column":4},"end":{"line":155,"column":43}},"26":{"start":{"line":166,"column":4},"end":{"line":166,"column":54}},"27":{"start":{"line":168,"column":4},"end":{"line":168,"column":49}},"28":{"start":{"line":174,"column":4},"end":{"line":174,"column":49}},"29":{"start":{"line":183,"column":4},"end":{"line":183,"column":54}},"30":{"start":{"line":184,"column":4},"end":{"line":184,"column":24}},"31":{"start":{"line":185,"column":4},"end":{"line":185,"column":54}},"32":{"start":{"line":221,"column":4},"end":{"line":221,"column":70}},"33":{"start":{"line":222,"column":4},"end":{"line":222,"column":86}},"34":{"start":{"line":223,"column":4},"end":{"line":223,"column":80}},"35":{"start":{"line":224,"column":4},"end":{"line":224,"column":61}},"36":{"start":{"line":225,"column":4},"end":{"line":225,"column":30}},"37":{"start":{"line":227,"column":4},"end":{"line":227,"column":63}},"38":{"start":{"line":228,"column":4},"end":{"line":228,"column":33}},"39":{"start":{"line":229,"column":4},"end":{"line":229,"column":75}},"40":{"start":{"line":230,"column":4},"end":{"line":230,"column":28}},"41":{"start":{"line":231,"column":4},"end":{"line":231,"column":19}},"42":{"start":{"line":232,"column":4},"end":{"line":232,"column":35}},"43":{"start":{"line":233,"column":4},"end":{"line":233,"column":27}},"44":{"start":{"line":234,"column":4},"end":{"line":234,"column":30}},"45":{"start":{"line":235,"column":4},"end":{"line":235,"column":37}},"46":{"start":{"line":236,"column":4},"end":{"line":236,"column":33}},"47":{"start":{"line":237,"column":4},"end":{"line":237,"column":55}},"48":{"start":{"line":238,"column":4},"end":{"line":238,"column":29}},"49":{"start":{"line":239,"column":4},"end":{"line":239,"column":37}},"50":{"start":{"line":240,"column":4},"end":{"line":240,"column":39}},"51":{"start":{"line":241,"column":4},"end":{"line":241,"column":27}},"52":{"start":{"line":242,"column":4},"end":{"line":242,"column":8405}},"53":{"start":{"line":277,"column":4},"end":{"line":277,"column":65}},"54":{"start":{"line":278,"column":4},"end":{"line":278,"column":54}},"55":{"start":{"line":279,"column":4},"end":{"line":279,"column":79}},"56":{"start":{"line":280,"column":4},"end":{"line":280,"column":77}},"57":{"start":{"line":281,"column":4},"end":{"line":281,"column":90}},"58":{"start":{"line":282,"column":4},"end":{"line":282,"column":86}},"59":{"start":{"line":284,"column":4},"end":{"line":284,"column":69}},"60":{"start":{"line":286,"column":4},"end":{"line":286,"column":24}},"61":{"start":{"line":287,"column":4},"end":{"line":287,"column":31}},"62":{"start":{"line":288,"column":4},"end":{"line":288,"column":34}},"63":{"start":{"line":289,"column":4},"end":{"line":289,"column":36}},"64":{"start":{"line":290,"column":4},"end":{"line":290,"column":36}},"65":{"start":{"line":291,"column":4},"end":{"line":291,"column":44}},"66":{"start":{"line":292,"column":4},"end":{"line":292,"column":61}},"67":{"start":{"line":293,"column":4},"end":{"line":293,"column":107}},"68":{"start":{"line":294,"column":4},"end":{"line":294,"column":78}},"69":{"start":{"line":310,"column":4},"end":{"line":310,"column":65}},"70":{"start":{"line":311,"column":4},"end":{"line":311,"column":54}},"71":{"start":{"line":312,"column":4},"end":{"line":312,"column":97}},"72":{"start":{"line":313,"column":4},"end":{"line":313,"column":60}},"73":{"start":{"line":314,"column":4},"end":{"line":314,"column":86}},"74":{"start":{"line":316,"column":4},"end":{"line":316,"column":69}},"75":{"start":{"line":318,"column":4},"end":{"line":318,"column":11254}},"76":{"start":{"line":319,"column":6},"end":{"line":319,"column":41}},"77":{"start":{"line":320,"column":6},"end":{"line":320,"column":46}},"78":{"start":{"line":322,"column":6},"end":{"line":322,"column":57}},"79":{"start":{"line":336,"column":4},"end":{"line":336,"column":48}},"80":{"start":{"line":337,"column":4},"end":{"line":337,"column":69}},"81":{"start":{"line":338,"column":4},"end":{"line":338,"column":23}},"82":{"start":{"line":349,"column":4},"end":{"line":349,"column":69}},"83":{"start":{"line":350,"column":4},"end":{"line":350,"column":71}},"84":{"start":{"line":351,"column":4},"end":{"line":351,"column":39}},"85":{"start":{"line":352,"column":4},"end":{"line":352,"column":54}},"86":{"start":{"line":360,"column":4},"end":{"line":360,"column":69}},"87":{"start":{"line":361,"column":4},"end":{"line":361,"column":73}},"88":{"start":{"line":362,"column":4},"end":{"line":362,"column":49}},"89":{"start":{"line":363,"column":4},"end":{"line":363,"column":56}},"90":{"start":{"line":378,"column":4},"end":{"line":378,"column":47}},"91":{"start":{"line":379,"column":4},"end":{"line":379,"column":64}},"92":{"start":{"line":381,"column":4},"end":{"line":381,"column":53}},"93":{"start":{"line":383,"column":4},"end":{"line":383,"column":104}},"94":{"start":{"line":384,"column":4},"end":{"line":384,"column":102}},"95":{"start":{"line":386,"column":4},"end":{"line":386,"column":60}},"96":{"start":{"line":387,"column":4},"end":{"line":387,"column":71}},"97":{"start":{"line":401,"column":4},"end":{"line":401,"column":48}},"98":{"start":{"line":402,"column":4},"end":{"line":402,"column":85}},"99":{"start":{"line":403,"column":4},"end":{"line":403,"column":141}},"100":{"start":{"line":404,"column":4},"end":{"line":404,"column":14289}},"101":{"start":{"line":405,"column":6},"end":{"line":405,"column":69}},"102":{"start":{"line":406,"column":6},"end":{"line":406,"column":86}},"103":{"start":{"line":408,"column":4},"end":{"line":408,"column":74}},"104":{"start":{"line":420,"column":4},"end":{"line":420,"column":48}},"105":{"start":{"line":421,"column":4},"end":{"line":421,"column":29}},"106":{"start":{"line":422,"column":4},"end":{"line":422,"column":43}},"107":{"start":{"line":448,"column":4},"end":{"line":448,"column":16314}},"108":{"start":{"line":474,"column":4},"end":{"line":474,"column":16960}},"109":{"start":{"line":484,"column":4},"end":{"line":484,"column":48}},"110":{"start":{"line":485,"column":4},"end":{"line":485,"column":68}},"111":{"start":{"line":487,"column":4},"end":{"line":487,"column":17459}},"112":{"start":{"line":488,"column":6},"end":{"line":488,"column":17518}},"113":{"start":{"line":497,"column":6},"end":{"line":497,"column":43}},"114":{"start":{"line":500,"column":4},"end":{"line":500,"column":38}},"115":{"start":{"line":501,"column":4},"end":{"line":501,"column":43}},"116":{"start":{"line":502,"column":4},"end":{"line":502,"column":37}},"117":{"start":{"line":503,"column":4},"end":{"line":503,"column":42}},"118":{"start":{"line":505,"column":4},"end":{"line":505,"column":86}},"119":{"start":{"line":513,"column":4},"end":{"line":513,"column":116}},"120":{"start":{"line":514,"column":4},"end":{"line":514,"column":18303}},"121":{"start":{"line":515,"column":6},"end":{"line":515,"column":70}},"122":{"start":{"line":517,"column":4},"end":{"line":517,"column":56}},"123":{"start":{"line":531,"column":4},"end":{"line":531,"column":18808}},"124":{"start":{"line":532,"column":6},"end":{"line":532,"column":32}}},"branchMap":{"1":{"line":84,"type":"if","locations":[{"start":{"line":84,"column":4},"end":{"line":84,"column":4}},{"start":{"line":84,"column":4},"end":{"line":84,"column":4}}]},"2":{"line":85,"type":"if","locations":[{"start":{"line":85,"column":4},"end":{"line":85,"column":4}},{"start":{"line":85,"column":4},"end":{"line":85,"column":4}}]},"3":{"line":87,"type":"if","locations":[{"start":{"line":87,"column":6},"end":{"line":87,"column":6}},{"start":{"line":87,"column":6},"end":{"line":87,"column":6}}]},"4":{"line":221,"type":"if","locations":[{"start":{"line":221,"column":4},"end":{"line":221,"column":4}},{"start":{"line":221,"column":4},"end":{"line":221,"column":4}}]},"5":{"line":222,"type":"if","locations":[{"start":{"line":222,"column":4},"end":{"line":222,"column":4}},{"start":{"line":222,"column":4},"end":{"line":222,"column":4}}]},"6":{"line":223,"type":"if","locations":[{"start":{"line":223,"column":4},"end":{"line":223,"column":4}},{"start":{"line":223,"column":4},"end":{"line":223,"column":4}}]},"7":{"line":224,"type":"if","locations":[{"start":{"line":224,"column":4},"end":{"line":224,"column":4}},{"start":{"line":224,"column":4},"end":{"line":224,"column":4}}]},"8":{"line":277,"type":"if","locations":[{"start":{"line":277,"column":4},"end":{"line":277,"column":4}},{"start":{"line":277,"column":4},"end":{"line":277,"column":4}}]},"9":{"line":279,"type":"if","locations":[{"start":{"line":279,"column":4},"end":{"line":279,"column":4}},{"start":{"line":279,"column":4},"end":{"line":279,"column":4}}]},"10":{"line":280,"type":"if","locations":[{"start":{"line":280,"column":4},"end":{"line":280,"column":4}},{"start":{"line":280,"column":4},"end":{"line":280,"column":4}}]},"11":{"line":281,"type":"if","locations":[{"start":{"line":281,"column":4},"end":{"line":281,"column":4}},{"start":{"line":281,"column":4},"end":{"line":281,"column":4}}]},"12":{"line":282,"type":"if","locations":[{"start":{"line":282,"column":4},"end":{"line":282,"column":4}},{"start":{"line":282,"column":4},"end":{"line":282,"column":4}}]},"13":{"line":310,"type":"if","locations":[{"start":{"line":310,"column":4},"end":{"line":310,"column":4}},{"start":{"line":310,"column":4},"end":{"line":310,"column":4}}]},"14":{"line":312,"type":"if","locations":[{"start":{"line":312,"column":4},"end":{"line":312,"column":4}},{"start":{"line":312,"column":4},"end":{"line":312,"column":4}}]},"15":{"line":314,"type":"if","locations":[{"start":{"line":314,"column":4},"end":{"line":314,"column":4}},{"start":{"line":314,"column":4},"end":{"line":314,"column":4}}]},"16":{"line":318,"type":"if","locations":[{"start":{"line":318,"column":4},"end":{"line":318,"column":4}},{"start":{"line":318,"column":4},"end":{"line":318,"column":4}}]},"17":{"line":336,"type":"if","locations":[{"start":{"line":336,"column":4},"end":{"line":336,"column":4}},{"start":{"line":336,"column":4},"end":{"line":336,"column":4}}]},"18":{"line":337,"type":"if","locations":[{"start":{"line":337,"column":4},"end":{"line":337,"column":4}},{"start":{"line":337,"column":4},"end":{"line":337,"column":4}}]},"19":{"line":349,"type":"if","locations":[{"start":{"line":349,"column":4},"end":{"line":349,"column":4}},{"start":{"line":349,"column":4},"end":{"line":349,"column":4}}]},"20":{"line":350,"type":"if","locations":[{"start":{"line":350,"column":4},"end":{"line":350,"column":4}},{"start":{"line":350,"column":4},"end":{"line":350,"column":4}}]},"21":{"line":360,"type":"if","locations":[{"start":{"line":360,"column":4},"end":{"line":360,"column":4}},{"start":{"line":360,"column":4},"end":{"line":360,"column":4}}]},"22":{"line":361,"type":"if","locations":[{"start":{"line":361,"column":4},"end":{"line":361,"column":4}},{"start":{"line":361,"column":4},"end":{"line":361,"column":4}}]},"23":{"line":378,"type":"if","locations":[{"start":{"line":378,"column":4},"end":{"line":378,"column":4}},{"start":{"line":378,"column":4},"end":{"line":378,"column":4}}]},"24":{"line":379,"type":"if","locations":[{"start":{"line":379,"column":4},"end":{"line":379,"column":4}},{"start":{"line":379,"column":4},"end":{"line":379,"column":4}}]},"25":{"line":383,"type":"if","locations":[{"start":{"line":383,"column":4},"end":{"line":383,"column":4}},{"start":{"line":383,"column":4},"end":{"line":383,"column":4}}]},"26":{"line":384,"type":"if","locations":[{"start":{"line":384,"column":4},"end":{"line":384,"column":4}},{"start":{"line":384,"column":4},"end":{"line":384,"column":4}}]},"27":{"line":401,"type":"if","locations":[{"start":{"line":401,"column":4},"end":{"line":401,"column":4}},{"start":{"line":401,"column":4},"end":{"line":401,"column":4}}]},"28":{"line":402,"type":"if","locations":[{"start":{"line":402,"column":4},"end":{"line":402,"column":4}},{"start":{"line":402,"column":4},"end":{"line":402,"column":4}}]},"29":{"line":403,"type":"if","locations":[{"start":{"line":403,"column":4},"end":{"line":403,"column":4}},{"start":{"line":403,"column":4},"end":{"line":403,"column":4}}]},"30":{"line":405,"type":"if","locations":[{"start":{"line":405,"column":6},"end":{"line":405,"column":6}},{"start":{"line":405,"column":6},"end":{"line":405,"column":6}}]},"31":{"line":420,"type":"if","locations":[{"start":{"line":420,"column":4},"end":{"line":420,"column":4}},{"start":{"line":420,"column":4},"end":{"line":420,"column":4}}]},"32":{"line":474,"type":"if","locations":[{"start":{"line":474,"column":4},"end":{"line":474,"column":4}},{"start":{"line":474,"column":4},"end":{"line":474,"column":4}}]},"33":{"line":513,"type":"if","locations":[{"start":{"line":513,"column":4},"end":{"line":513,"column":4}},{"start":{"line":513,"column":4},"end":{"line":513,"column":4}}]}}},"contracts/LithiumReward.sol":{"l":{"15":165,"24":3,"25":3,"27":3,"29":6,"30":3,"31":3,"35":3,"39":2,"50":3,"58":3,"59":3,"61":3,"63":2,"64":2,"65":2,"67":2},"path":"/home/steve/codes/dapps/lithium/LithiumMVP/packages/hardhat/contracts/LithiumReward.sol","s":{"1":165,"2":3,"3":3,"4":3,"5":6,"6":3,"7":3,"8":3,"9":2,"10":3,"11":3,"12":3,"13":3,"14":2,"15":2,"16":2,"17":2},"b":{"1":[3,3],"2":[2,1]},"f":{"1":165,"2":3,"3":2,"4":3},"fnMap":{"1":{"name":"constructor","line":14,"loc":{"start":{"line":14,"column":2},"end":{"line":16,"column":2}}},"2":{"name":"getTopAnswerIndex","line":18,"loc":{"start":{"line":18,"column":2},"end":{"line":36,"column":2}}},"3":{"name":"calculateReward","line":38,"loc":{"start":{"line":38,"column":2},"end":{"line":40,"column":2}}},"4":{"name":"getReward","line":43,"loc":{"start":{"line":43,"column":2},"end":{"line":68,"column":2}}}},"statementMap":{"1":{"start":{"line":15,"column":4},"end":{"line":15,"column":52}},"2":{"start":{"line":24,"column":4},"end":{"line":24,"column":30}},"3":{"start":{"line":25,"column":4},"end":{"line":25,"column":30}},"4":{"start":{"line":27,"column":4},"end":{"line":27,"column":611}},"5":{"start":{"line":29,"column":6},"end":{"line":29,"column":680}},"6":{"start":{"line":30,"column":8},"end":{"line":30,"column":47}},"7":{"start":{"line":31,"column":8},"end":{"line":31,"column":26}},"8":{"start":{"line":35,"column":4},"end":{"line":35,"column":25}},"9":{"start":{"line":39,"column":4},"end":{"line":39,"column":53}},"10":{"start":{"line":50,"column":4},"end":{"line":50,"column":1250}},"11":{"start":{"line":58,"column":4},"end":{"line":58,"column":90}},"12":{"start":{"line":59,"column":4},"end":{"line":59,"column":68}},"13":{"start":{"line":61,"column":4},"end":{"line":61,"column":83}},"14":{"start":{"line":63,"column":4},"end":{"line":63,"column":68}},"15":{"start":{"line":64,"column":4},"end":{"line":64,"column":59}},"16":{"start":{"line":65,"column":4},"end":{"line":65,"column":80}},"17":{"start":{"line":67,"column":4},"end":{"line":67,"column":22}}},"branchMap":{"1":{"line":29,"type":"if","locations":[{"start":{"line":29,"column":6},"end":{"line":29,"column":6}},{"start":{"line":29,"column":6},"end":{"line":29,"column":6}}]},"2":{"line":61,"type":"if","locations":[{"start":{"line":61,"column":4},"end":{"line":61,"column":4}},{"start":{"line":61,"column":4},"end":{"line":61,"column":4}}]}}},"contracts/LithiumToken.sol":{"l":{"23":340,"27":0,"28":0,"138":0,"139":0,"140":0,"149":0,"150":0,"162":0,"163":0,"164":0,"165":0,"174":0,"175":0,"184":0,"185":0,"199":472,"200":472,"201":472,"215":0,"216":0,"230":0,"231":0,"232":0,"233":0,"249":0,"250":0,"266":0,"267":0,"288":172,"289":170,"312":0,"313":0,"336":0,"337":0,"392":165,"393":165,"394":165,"401":0,"409":0,"426":0,"433":0,"440":53,"452":112,"453":112,"460":0,"471":168,"472":168,"493":30,"494":30,"499":28,"515":0,"516":0,"534":0,"539":0,"561":142,"562":142,"564":142,"566":142,"567":142,"568":142,"581":165,"583":165,"585":165,"586":165,"587":165,"602":0,"604":0,"606":0,"607":0,"608":0,"629":196,"630":196,"632":196,"633":196,"644":0,"681":165,"682":165},"path":"/home/steve/codes/dapps/lithium/LithiumMVP/packages/hardhat/contracts/LithiumToken.sol","s":{"1":340,"2":0,"3":0,"4":0,"5":0,"6":0,"7":0,"8":0,"9":0,"10":0,"11":0,"12":0,"13":0,"14":0,"15":0,"16":0,"17":0,"18":0,"19":0,"20":0,"21":0,"22":472,"23":472,"24":472,"25":0,"26":0,"27":0,"28":0,"29":0,"30":0,"31":0,"32":0,"33":0,"34":0,"35":0,"36":172,"37":170,"38":0,"39":0,"40":0,"41":0,"42":165,"43":165,"44":165,"45":0,"46":0,"47":0,"48":0,"49":53,"50":112,"51":112,"52":0,"53":168,"54":168,"55":30,"56":30,"57":28,"58":0,"59":0,"60":0,"61":0,"62":142,"63":142,"64":142,"65":142,"66":142,"67":142,"68":165,"69":165,"70":165,"71":165,"72":165,"73":0,"74":0,"75":0,"76":0,"77":0,"78":196,"79":196,"80":196,"81":196,"82":0,"83":165,"84":165},"b":{"1":[0,0],"2":[0,0],"3":[0,0],"4":[0,0],"5":[0,0],"6":[0,0],"7":[472,0],"8":[0,0],"9":[0,0],"10":[0,0],"11":[0,0],"12":[0,0],"13":[170,2],"14":[0,0],"15":[0,0],"16":[142,0],"17":[142,0],"18":[165,0],"19":[0,0],"20":[196,0],"21":[196,0],"22":[165,0]},"f":{"1":340,"2":0,"3":0,"4":0,"5":0,"6":0,"7":0,"8":472,"9":0,"10":0,"11":0,"12":0,"13":172,"14":0,"15":0,"16":165,"17":0,"18":0,"19":0,"20":0,"21":53,"22":112,"23":0,"24":168,"25":30,"26":0,"27":0,"28":142,"29":165,"30":0,"31":196,"32":0,"33":307,"34":165},"fnMap":{"1":{"name":"_msgSender","line":22,"loc":{"start":{"line":22,"column":4},"end":{"line":24,"column":4}}},"2":{"name":"_msgData","line":26,"loc":{"start":{"line":26,"column":4},"end":{"line":29,"column":4}}},"3":{"name":"tryAdd","line":137,"loc":{"start":{"line":137,"column":4},"end":{"line":141,"column":4}}},"4":{"name":"trySub","line":148,"loc":{"start":{"line":148,"column":4},"end":{"line":151,"column":4}}},"5":{"name":"tryMul","line":158,"loc":{"start":{"line":158,"column":4},"end":{"line":166,"column":4}}},"6":{"name":"tryDiv","line":173,"loc":{"start":{"line":173,"column":4},"end":{"line":176,"column":4}}},"7":{"name":"tryMod","line":183,"loc":{"start":{"line":183,"column":4},"end":{"line":186,"column":4}}},"8":{"name":"add","line":198,"loc":{"start":{"line":198,"column":4},"end":{"line":202,"column":4}}},"9":{"name":"sub","line":214,"loc":{"start":{"line":214,"column":4},"end":{"line":217,"column":4}}},"10":{"name":"mul","line":229,"loc":{"start":{"line":229,"column":4},"end":{"line":234,"column":4}}},"11":{"name":"div","line":248,"loc":{"start":{"line":248,"column":4},"end":{"line":251,"column":4}}},"12":{"name":"mod","line":265,"loc":{"start":{"line":265,"column":4},"end":{"line":268,"column":4}}},"13":{"name":"sub","line":283,"loc":{"start":{"line":283,"column":4},"end":{"line":290,"column":4}}},"14":{"name":"div","line":307,"loc":{"start":{"line":307,"column":4},"end":{"line":314,"column":4}}},"15":{"name":"mod","line":331,"loc":{"start":{"line":331,"column":4},"end":{"line":338,"column":4}}},"16":{"name":"constructor","line":391,"loc":{"start":{"line":391,"column":4},"end":{"line":395,"column":4}}},"17":{"name":"name","line":400,"loc":{"start":{"line":400,"column":4},"end":{"line":402,"column":4}}},"18":{"name":"symbol","line":408,"loc":{"start":{"line":408,"column":4},"end":{"line":410,"column":4}}},"19":{"name":"decimals","line":425,"loc":{"start":{"line":425,"column":4},"end":{"line":427,"column":4}}},"20":{"name":"totalSupply","line":432,"loc":{"start":{"line":432,"column":4},"end":{"line":434,"column":4}}},"21":{"name":"balanceOf","line":439,"loc":{"start":{"line":439,"column":4},"end":{"line":441,"column":4}}},"22":{"name":"transfer","line":451,"loc":{"start":{"line":451,"column":4},"end":{"line":454,"column":4}}},"23":{"name":"allowance","line":459,"loc":{"start":{"line":459,"column":4},"end":{"line":461,"column":4}}},"24":{"name":"approve","line":470,"loc":{"start":{"line":470,"column":4},"end":{"line":473,"column":4}}},"25":{"name":"transferFrom","line":488,"loc":{"start":{"line":488,"column":4},"end":{"line":500,"column":4}}},"26":{"name":"increaseAllowance","line":514,"loc":{"start":{"line":514,"column":4},"end":{"line":517,"column":4}}},"27":{"name":"decreaseAllowance","line":533,"loc":{"start":{"line":533,"column":4},"end":{"line":540,"column":4}}},"28":{"name":"_transfer","line":556,"loc":{"start":{"line":556,"column":4},"end":{"line":569,"column":4}}},"29":{"name":"_mint","line":580,"loc":{"start":{"line":580,"column":4},"end":{"line":588,"column":4}}},"30":{"name":"_burn","line":601,"loc":{"start":{"line":601,"column":4},"end":{"line":609,"column":4}}},"31":{"name":"_approve","line":624,"loc":{"start":{"line":624,"column":4},"end":{"line":634,"column":4}}},"32":{"name":"_setupDecimals","line":643,"loc":{"start":{"line":643,"column":4},"end":{"line":645,"column":4}}},"33":{"name":"_beforeTokenTransfer","line":661,"loc":{"start":{"line":661,"column":4},"end":{"line":665,"column":24}}},"34":{"name":"constructor","line":680,"loc":{"start":{"line":680,"column":4},"end":{"line":683,"column":4}}}},"statementMap":{"1":{"start":{"line":23,"column":8},"end":{"line":23,"column":25}},"2":{"start":{"line":28,"column":8},"end":{"line":28,"column":23}},"3":{"start":{"line":138,"column":8},"end":{"line":138,"column":25}},"4":{"start":{"line":139,"column":8},"end":{"line":139,"column":36}},"5":{"start":{"line":139,"column":19},"end":{"line":139,"column":36}},"6":{"start":{"line":140,"column":8},"end":{"line":140,"column":24}},"7":{"start":{"line":149,"column":8},"end":{"line":149,"column":36}},"8":{"start":{"line":149,"column":19},"end":{"line":149,"column":36}},"9":{"start":{"line":150,"column":8},"end":{"line":150,"column":28}},"10":{"start":{"line":162,"column":8},"end":{"line":162,"column":36}},"11":{"start":{"line":162,"column":20},"end":{"line":162,"column":36}},"12":{"start":{"line":163,"column":8},"end":{"line":163,"column":25}},"13":{"start":{"line":164,"column":8},"end":{"line":164,"column":41}},"14":{"start":{"line":164,"column":24},"end":{"line":164,"column":41}},"15":{"start":{"line":165,"column":8},"end":{"line":165,"column":24}},"16":{"start":{"line":174,"column":8},"end":{"line":174,"column":37}},"17":{"start":{"line":174,"column":20},"end":{"line":174,"column":37}},"18":{"start":{"line":175,"column":8},"end":{"line":175,"column":28}},"19":{"start":{"line":184,"column":8},"end":{"line":184,"column":37}},"20":{"start":{"line":184,"column":20},"end":{"line":184,"column":37}},"21":{"start":{"line":185,"column":8},"end":{"line":185,"column":28}},"22":{"start":{"line":199,"column":8},"end":{"line":199,"column":25}},"23":{"start":{"line":200,"column":8},"end":{"line":200,"column":53}},"24":{"start":{"line":201,"column":8},"end":{"line":201,"column":16}},"25":{"start":{"line":215,"column":8},"end":{"line":215,"column":56}},"26":{"start":{"line":216,"column":8},"end":{"line":216,"column":20}},"27":{"start":{"line":230,"column":8},"end":{"line":230,"column":28}},"28":{"start":{"line":230,"column":20},"end":{"line":230,"column":28}},"29":{"start":{"line":231,"column":8},"end":{"line":231,"column":25}},"30":{"start":{"line":232,"column":8},"end":{"line":232,"column":63}},"31":{"start":{"line":233,"column":8},"end":{"line":233,"column":16}},"32":{"start":{"line":249,"column":8},"end":{"line":249,"column":51}},"33":{"start":{"line":250,"column":8},"end":{"line":250,"column":20}},"34":{"start":{"line":266,"column":8},"end":{"line":266,"column":49}},"35":{"start":{"line":267,"column":8},"end":{"line":267,"column":20}},"36":{"start":{"line":288,"column":8},"end":{"line":288,"column":36}},"37":{"start":{"line":289,"column":8},"end":{"line":289,"column":20}},"38":{"start":{"line":312,"column":8},"end":{"line":312,"column":35}},"39":{"start":{"line":313,"column":8},"end":{"line":313,"column":20}},"40":{"start":{"line":336,"column":8},"end":{"line":336,"column":35}},"41":{"start":{"line":337,"column":8},"end":{"line":337,"column":20}},"42":{"start":{"line":392,"column":8},"end":{"line":392,"column":20}},"43":{"start":{"line":393,"column":8},"end":{"line":393,"column":24}},"44":{"start":{"line":394,"column":8},"end":{"line":394,"column":21}},"45":{"start":{"line":401,"column":8},"end":{"line":401,"column":20}},"46":{"start":{"line":409,"column":8},"end":{"line":409,"column":22}},"47":{"start":{"line":426,"column":8},"end":{"line":426,"column":24}},"48":{"start":{"line":433,"column":8},"end":{"line":433,"column":27}},"49":{"start":{"line":440,"column":8},"end":{"line":440,"column":33}},"50":{"start":{"line":452,"column":8},"end":{"line":452,"column":49}},"51":{"start":{"line":453,"column":8},"end":{"line":453,"column":19}},"52":{"start":{"line":460,"column":8},"end":{"line":460,"column":42}},"53":{"start":{"line":471,"column":8},"end":{"line":471,"column":46}},"54":{"start":{"line":472,"column":8},"end":{"line":472,"column":19}},"55":{"start":{"line":493,"column":8},"end":{"line":493,"column":43}},"56":{"start":{"line":494,"column":8},"end":{"line":494,"column":16190}},"57":{"start":{"line":499,"column":8},"end":{"line":499,"column":19}},"58":{"start":{"line":515,"column":8},"end":{"line":515,"column":90}},"59":{"start":{"line":516,"column":8},"end":{"line":516,"column":19}},"60":{"start":{"line":534,"column":8},"end":{"line":534,"column":17591}},"61":{"start":{"line":539,"column":8},"end":{"line":539,"column":19}},"62":{"start":{"line":561,"column":8},"end":{"line":561,"column":77}},"63":{"start":{"line":562,"column":8},"end":{"line":562,"column":78}},"64":{"start":{"line":564,"column":8},"end":{"line":564,"column":54}},"65":{"start":{"line":566,"column":8},"end":{"line":566,"column":98}},"66":{"start":{"line":567,"column":8},"end":{"line":567,"column":62}},"67":{"start":{"line":568,"column":8},"end":{"line":568,"column":48}},"68":{"start":{"line":581,"column":8},"end":{"line":581,"column":72}},"69":{"start":{"line":583,"column":8},"end":{"line":583,"column":56}},"70":{"start":{"line":585,"column":8},"end":{"line":585,"column":46}},"71":{"start":{"line":586,"column":8},"end":{"line":586,"column":58}},"72":{"start":{"line":587,"column":8},"end":{"line":587,"column":50}},"73":{"start":{"line":602,"column":8},"end":{"line":602,"column":74}},"74":{"start":{"line":604,"column":8},"end":{"line":604,"column":56}},"75":{"start":{"line":606,"column":8},"end":{"line":606,"column":96}},"76":{"start":{"line":607,"column":8},"end":{"line":607,"column":46}},"77":{"start":{"line":608,"column":8},"end":{"line":608,"column":50}},"78":{"start":{"line":629,"column":8},"end":{"line":629,"column":75}},"79":{"start":{"line":630,"column":8},"end":{"line":630,"column":75}},"80":{"start":{"line":632,"column":8},"end":{"line":632,"column":43}},"81":{"start":{"line":633,"column":8},"end":{"line":633,"column":45}},"82":{"start":{"line":644,"column":8},"end":{"line":644,"column":28}},"83":{"start":{"line":681,"column":8},"end":{"line":681,"column":74}},"84":{"start":{"line":682,"column":8},"end":{"line":682,"column":42}}},"branchMap":{"1":{"line":139,"type":"if","locations":[{"start":{"line":139,"column":8},"end":{"line":139,"column":8}},{"start":{"line":139,"column":8},"end":{"line":139,"column":8}}]},"2":{"line":149,"type":"if","locations":[{"start":{"line":149,"column":8},"end":{"line":149,"column":8}},{"start":{"line":149,"column":8},"end":{"line":149,"column":8}}]},"3":{"line":162,"type":"if","locations":[{"start":{"line":162,"column":8},"end":{"line":162,"column":8}},{"start":{"line":162,"column":8},"end":{"line":162,"column":8}}]},"4":{"line":164,"type":"if","locations":[{"start":{"line":164,"column":8},"end":{"line":164,"column":8}},{"start":{"line":164,"column":8},"end":{"line":164,"column":8}}]},"5":{"line":174,"type":"if","locations":[{"start":{"line":174,"column":8},"end":{"line":174,"column":8}},{"start":{"line":174,"column":8},"end":{"line":174,"column":8}}]},"6":{"line":184,"type":"if","locations":[{"start":{"line":184,"column":8},"end":{"line":184,"column":8}},{"start":{"line":184,"column":8},"end":{"line":184,"column":8}}]},"7":{"line":200,"type":"if","locations":[{"start":{"line":200,"column":8},"end":{"line":200,"column":8}},{"start":{"line":200,"column":8},"end":{"line":200,"column":8}}]},"8":{"line":215,"type":"if","locations":[{"start":{"line":215,"column":8},"end":{"line":215,"column":8}},{"start":{"line":215,"column":8},"end":{"line":215,"column":8}}]},"9":{"line":230,"type":"if","locations":[{"start":{"line":230,"column":8},"end":{"line":230,"column":8}},{"start":{"line":230,"column":8},"end":{"line":230,"column":8}}]},"10":{"line":232,"type":"if","locations":[{"start":{"line":232,"column":8},"end":{"line":232,"column":8}},{"start":{"line":232,"column":8},"end":{"line":232,"column":8}}]},"11":{"line":249,"type":"if","locations":[{"start":{"line":249,"column":8},"end":{"line":249,"column":8}},{"start":{"line":249,"column":8},"end":{"line":249,"column":8}}]},"12":{"line":266,"type":"if","locations":[{"start":{"line":266,"column":8},"end":{"line":266,"column":8}},{"start":{"line":266,"column":8},"end":{"line":266,"column":8}}]},"13":{"line":288,"type":"if","locations":[{"start":{"line":288,"column":8},"end":{"line":288,"column":8}},{"start":{"line":288,"column":8},"end":{"line":288,"column":8}}]},"14":{"line":312,"type":"if","locations":[{"start":{"line":312,"column":8},"end":{"line":312,"column":8}},{"start":{"line":312,"column":8},"end":{"line":312,"column":8}}]},"15":{"line":336,"type":"if","locations":[{"start":{"line":336,"column":8},"end":{"line":336,"column":8}},{"start":{"line":336,"column":8},"end":{"line":336,"column":8}}]},"16":{"line":561,"type":"if","locations":[{"start":{"line":561,"column":8},"end":{"line":561,"column":8}},{"start":{"line":561,"column":8},"end":{"line":561,"column":8}}]},"17":{"line":562,"type":"if","locations":[{"start":{"line":562,"column":8},"end":{"line":562,"column":8}},{"start":{"line":562,"column":8},"end":{"line":562,"column":8}}]},"18":{"line":581,"type":"if","locations":[{"start":{"line":581,"column":8},"end":{"line":581,"column":8}},{"start":{"line":581,"column":8},"end":{"line":581,"column":8}}]},"19":{"line":602,"type":"if","locations":[{"start":{"line":602,"column":8},"end":{"line":602,"column":8}},{"start":{"line":602,"column":8},"end":{"line":602,"column":8}}]},"20":{"line":629,"type":"if","locations":[{"start":{"line":629,"column":8},"end":{"line":629,"column":8}},{"start":{"line":629,"column":8},"end":{"line":629,"column":8}}]},"21":{"line":630,"type":"if","locations":[{"start":{"line":630,"column":8},"end":{"line":630,"column":8}},{"start":{"line":630,"column":8},"end":{"line":630,"column":8}}]},"22":{"line":681,"type":"if","locations":[{"start":{"line":681,"column":8},"end":{"line":681,"column":8}},{"start":{"line":681,"column":8},"end":{"line":681,"column":8}}]}}},"contracts/Roles.sol":{"l":{"12":168,"16":95,"20":0,"24":0},"path":"/home/steve/codes/dapps/lithium/LithiumMVP/packages/hardhat/contracts/Roles.sol","s":{"1":168,"2":95,"3":0,"4":0},"b":{},"f":{"1":168,"2":95,"3":0,"4":0},"fnMap":{"1":{"name":"constructor","line":9,"loc":{"start":{"line":9,"column":4},"end":{"line":13,"column":4}}},"2":{"name":"isAdmin","line":15,"loc":{"start":{"line":15,"column":4},"end":{"line":17,"column":4}}},"3":{"name":"grantAdminRole","line":19,"loc":{"start":{"line":19,"column":4},"end":{"line":21,"column":4}}},"4":{"name":"revokeAdminRole","line":23,"loc":{"start":{"line":23,"column":4},"end":{"line":25,"column":4}}}},"statementMap":{"1":{"start":{"line":12,"column":8},"end":{"line":12,"column":49}},"2":{"start":{"line":16,"column":8},"end":{"line":16,"column":49}},"3":{"start":{"line":20,"column":8},"end":{"line":20,"column":43}},"4":{"start":{"line":24,"column":8},"end":{"line":24,"column":44}}},"branchMap":{}}}